{"D:\\myworkspace\\learnnode\\expressserver_simple_demo\\test\\main.test.js":{"path":"D:\\myworkspace\\learnnode\\expressserver_simple_demo\\test\\main.test.js","s":{"1":1,"2":1,"3":1,"4":0,"5":0,"6":0,"7":0,"8":0,"9":0,"10":0,"11":0,"12":0,"13":0,"14":0,"15":0},"b":{},"f":{"1":0,"2":0,"3":0,"4":0,"5":0,"6":0,"7":0,"8":0},"fnMap":{"1":{"name":"(anonymous_1)","line":4,"loc":{"start":{"line":4,"column":31},"end":{"line":4,"column":42}}},"2":{"name":"(anonymous_2)","line":5,"loc":{"start":{"line":5,"column":40},"end":{"line":5,"column":51}}},"3":{"name":"(anonymous_3)","line":8,"loc":{"start":{"line":8,"column":38},"end":{"line":8,"column":49}}},"4":{"name":"(anonymous_4)","line":11,"loc":{"start":{"line":11,"column":38},"end":{"line":11,"column":49}}},"5":{"name":"(anonymous_5)","line":14,"loc":{"start":{"line":14,"column":34},"end":{"line":14,"column":45}}},"6":{"name":"(anonymous_6)","line":15,"loc":{"start":{"line":15,"column":9},"end":{"line":15,"column":20}}},"7":{"name":"(anonymous_7)","line":19,"loc":{"start":{"line":19,"column":33},"end":{"line":19,"column":44}}},"8":{"name":"(anonymous_8)","line":20,"loc":{"start":{"line":20,"column":9},"end":{"line":20,"column":20}}}},"statementMap":{"1":{"start":{"line":1,"column":0},"end":{"line":1,"column":33}},"2":{"start":{"line":2,"column":0},"end":{"line":2,"column":31}},"3":{"start":{"line":4,"column":0},"end":{"line":24,"column":2}},"4":{"start":{"line":5,"column":4},"end":{"line":7,"column":6}},"5":{"start":{"line":6,"column":8},"end":{"line":6,"column":43}},"6":{"start":{"line":8,"column":4},"end":{"line":10,"column":6}},"7":{"start":{"line":9,"column":8},"end":{"line":9,"column":41}},"8":{"start":{"line":11,"column":4},"end":{"line":13,"column":6}},"9":{"start":{"line":12,"column":8},"end":{"line":12,"column":41}},"10":{"start":{"line":14,"column":4},"end":{"line":18,"column":6}},"11":{"start":{"line":15,"column":8},"end":{"line":17,"column":42}},"12":{"start":{"line":16,"column":12},"end":{"line":16,"column":30}},"13":{"start":{"line":19,"column":4},"end":{"line":23,"column":6}},"14":{"start":{"line":20,"column":8},"end":{"line":22,"column":40}},"15":{"start":{"line":21,"column":12},"end":{"line":21,"column":30}}},"branchMap":{}}}